This is pdfTeX, Version 3.141592653-2.6-1.40.25 (MiKTeX 23.4) (preloaded format=pdflatex 2023.8.14)  14 AUG 2023 22:01
entering extended mode
 restricted \write18 enabled.
 %&-line parsing enabled.
**Potenciranje
(Potenciranje.md
LaTeX2e <2022-11-01> patch level 1
L3 programming layer <2023-03-30>

! LaTeX Error: Missing \begin{document}.

See the LaTeX manual or LaTeX Companion for explanation.
Type  H <return>  for immediate help.
 ...                                              
                                                  
l.1 P
     otenca z naravnim eksponentom je zapis $x^n$.
? 
Missing character: There is no P in font nullfont!
Missing character: There is no o in font nullfont!
Missing character: There is no t in font nullfont!
Missing character: There is no e in font nullfont!
Missing character: There is no n in font nullfont!
Missing character: There is no c in font nullfont!
Missing character: There is no a in font nullfont!
Missing character: There is no z in font nullfont!
Missing character: There is no n in font nullfont!
Missing character: There is no a in font nullfont!
Missing character: There is no r in font nullfont!
Missing character: There is no a in font nullfont!
Missing character: There is no v in font nullfont!
Missing character: There is no n in font nullfont!
Missing character: There is no i in font nullfont!
Missing character: There is no m in font nullfont!
Missing character: There is no e in font nullfont!
Missing character: There is no k in font nullfont!
Missing character: There is no s in font nullfont!
Missing character: There is no p in font nullfont!
Missing character: There is no o in font nullfont!
Missing character: There is no n in font nullfont!
Missing character: There is no e in font nullfont!
Missing character: There is no n in font nullfont!
Missing character: There is no t in font nullfont!
Missing character: There is no o in font nullfont!
Missing character: There is no m in font nullfont!
Missing character: There is no j in font nullfont!
Missing character: There is no e in font nullfont!
Missing character: There is no z in font nullfont!
Missing character: There is no a in font nullfont!
Missing character: There is no p in font nullfont!
Missing character: There is no i in font nullfont!
Missing character: There is no s in font nullfont!
LaTeX Font Info:    External font `cmex10' loaded for size
(Font)              <7> on input line 1.
LaTeX Font Info:    External font `cmex10' loaded for size
(Font)              <5> on input line 1.
Missing character: There is no . in font nullfont!

Overfull \hbox (20.0pt too wide) in paragraph at lines 1--2
[]
 []


Overfull \hbox (11.1586pt too wide) in paragraph at lines 1--2
\OML/cmm/m/it/10 x[]$ 
 []


! LaTeX Error: Environment align* undefined.

See the LaTeX manual or LaTeX Companion for explanation.
Type  H <return>  for immediate help.
 ...                                              
                                                  
l.3 \begin{align*}
                  
? 
! Missing $ inserted.
<inserted text> 
                $
l.4 
    
? 
! Missing \endgroup inserted.
<inserted text> 
                \endgroup 
l.4 
    
? 
! Display math should end with $$.
<to be read again> 
                   \tex_par:D 
l.4 
    
? 

! LaTeX Error: Missing \begin{document}.

See the LaTeX manual or LaTeX Companion for explanation.
Type  H <return>  for immediate help.
 ...                                              
                                                  
l.5 x
     ^{n}= a &\; \cdot \; ... \: \cdot \; a \\
? 
Missing character: There is no x in font nullfont!
! Missing $ inserted.
<inserted text> 
                $
l.5 x^
      {n}= a &\; \cdot \; ... \: \cdot \; a \\
? 
! Misplaced alignment tab character &.
l.5 x^{n}= a &
              \; \cdot \; ... \: \cdot \; a \\
? 
! Misplaced alignment tab character &.
<recently read> &
                 
l.6 &
     \text{(n-krat)} \\
? 
! Undefined control sequence.
l.6 &\text
          {(n-krat)} \\
? 

! LaTeX Error: \begin{document} ended by \end{align*}.

See the LaTeX manual or LaTeX Companion for explanation.
Type  H <return>  for immediate help.
 ...                                              
                                                  
l.7 \end{align*}
                
? 
! Missing $ inserted.
<inserted text> 
                $
l.7 \end{align*}
                
? 
! Extra \endgroup.
<recently read> \endgroup 
                          
l.7 \end{align*}
                
? 

Overfull \hbox (35.99884pt too wide) in paragraph at lines 5--8
[]$[] \OT1/cmr/m/n/10 =
 []


Overfull \hbox (10.84138pt too wide) in paragraph at lines 5--8
\OML/cmm/m/it/10 a  \OMS/cmsy/m/n/10 ^^A
 []


Overfull \hbox (11.11115pt too wide) in paragraph at lines 5--8
\OML/cmm/m/it/10 :::  \OMS/cmsy/m/n/10 ^^A
 []


Overfull \hbox (5.28589pt too wide) in paragraph at lines 5--8
\OML/cmm/m/it/10 a[] 
 []


Overfull \hbox (45.2095pt too wide) in paragraph at lines 5--8
[][] 
 []

! Missing $ inserted.
<inserted text> 
                $
l.9 
    
? 
! Display math should end with $$.
<to be read again> 
                   \tex_par:D 
l.9 
    
? 

! LaTeX Error: Missing \begin{document}.

See the LaTeX manual or LaTeX Companion for explanation.
Type  H <return>  for immediate help.
 ...                                              
                                                  
l.10 $
      \text{n :  Eksponent}$
? 
! Undefined control sequence.
<recently read> \text 
                      
l.10 $\text
           {n :  Eksponent}$
? 
! Undefined control sequence.
<recently read> \text 
                      
l.11 $\text
           {a : Osnova}$
? 

Overfull \hbox (82.65277pt too wide) in paragraph at lines 10--12
[]$[]$
 []


Overfull \hbox (47.55362pt too wide) in paragraph at lines 10--12
[]$ 
 []


! LaTeX Error: Missing \begin{document}.

See the LaTeX manual or LaTeX Companion for explanation.
Type  H <return>  for immediate help.
 ...                                              
                                                  
l.13 R
      ačunanje s potencami
? 
Missing character: There is no R in font nullfont!
Missing character: There is no a in font nullfont!
LaTeX Font Info:    Trying to load font information for +cmr on input line 13.
LaTeX Font Info:    No file cmr.fd. on input line 13.

LaTeX Font Warning: Font shape `/cmr/m/n' undefined
(Font)              using `/cmr/m/n' instead on input line 13.

! Corrupted NFSS tables.
wrong@fontshape ...message {Corrupted NFSS tables}
                                                  error@fontshape else let f...
l.13 Rač
         unanje s potencami
? 

LaTeX Font Warning: Font shape `/cmr/m/n' undefined
(Font)              using `OT1/cmr/m/n' instead on input line 13.

Missing character: There is no u in font nullfont!
Missing character: There is no n in font nullfont!
Missing character: There is no a in font nullfont!
Missing character: There is no n in font nullfont!
Missing character: There is no j in font nullfont!
Missing character: There is no e in font nullfont!
Missing character: There is no s in font nullfont!
Missing character: There is no p in font nullfont!
Missing character: There is no o in font nullfont!
Missing character: There is no t in font nullfont!
Missing character: There is no e in font nullfont!
Missing character: There is no n in font nullfont!
Missing character: There is no c in font nullfont!
Missing character: There is no a in font nullfont!
Missing character: There is no m in font nullfont!
Missing character: There is no i in font nullfont!

Overfull \hbox (29.44446pt too wide) in paragraph at lines 13--14
[]\/cmr/m/n/10 ^^Tc
 []


! LaTeX Error: Missing \begin{document}.

See the LaTeX manual or LaTeX Companion for explanation.
Type  H <return>  for immediate help.
 ...                                              
                                                  
l.15 $
      ${\color{blue}a}^{n}\cdot {\color{blue}a}^{m} = {\color{blue}a}^{n+m}$$
? 

Overfull \hbox (20.0pt too wide) in paragraph at lines 15--15
[] 
 []

! Undefined control sequence.
l.15 $${\color
              {blue}a}^{n}\cdot {\color{blue}a}^{m} = {\color{blue}a}^{n+m}$$
? 
! Undefined control sequence.
l.15 $${\color{blue}a}^{n}\cdot {\color
                                       {blue}a}^{m} = {\color{blue}a}^{n+m}$$
? 
! Undefined control sequence.
l.15 ...}a}^{n}\cdot {\color{blue}a}^{m} = {\color
                                                  {blue}a}^{n+m}$$
? 

Overfull \hbox (117.2457pt too wide) detected at line 15
[][] \OMS/cmsy/m/n/10 ^^A [][] \/cmr/m/n/10 = [][]
 []


! LaTeX Error: Missing \begin{document}.

See the LaTeX manual or LaTeX Companion for explanation.
Type  H <return>  for immediate help.
 ...                                              
                                                  
l.17 $
      $\color{white}\frac{{\color{blue}a}^n}{{\color{blue}a}^m} = {\color{bl...

? 

Overfull \hbox (20.0pt too wide) in paragraph at lines 17--17
[] 
 []

! Undefined control sequence.
l.17 $$\color
             {white}\frac{{\color{blue}a}^n}{{\color{blue}a}^m} = {\color{bl...

? 
! Undefined control sequence.
<argument> {\color 
                   {blue}a}^n
l.17 ...frac{{\color{blue}a}^n}{{\color{blue}a}^m}
                                                   = {\color{blue}a}^{n - m}$$
? 
! Undefined control sequence.
<argument> {\color 
                   {blue}a}^m
l.17 ...frac{{\color{blue}a}^n}{{\color{blue}a}^m}
                                                   = {\color{blue}a}^{n - m}$$
? 
! Undefined control sequence.
l.17 ...or{blue}a}^n}{{\color{blue}a}^m} = {\color
                                                  {blue}a}^{n - m}$$
? 

Overfull \hbox (113.29906pt too wide) detected at line 17
[][] \/cmr/m/n/10 = [][]
 []


! LaTeX Error: Missing \begin{document}.

See the LaTeX manual or LaTeX Companion for explanation.
Type  H <return>  for immediate help.
 ...                                              
                                                  
l.19 $
      $({\color{blue}a}^{n})^{m} = {\color{blue}a}^{n \cdot m}$$
? 

Overfull \hbox (20.0pt too wide) in paragraph at lines 19--19
[] 
 []

! Undefined control sequence.
l.19 $$({\color
               {blue}a}^{n})^{m} = {\color{blue}a}^{n \cdot m}$$
? 
! Undefined control sequence.
l.19 $$({\color{blue}a}^{n})^{m} = {\color
                                          {blue}a}^{n \cdot m}$$
? 

Overfull \hbox (95.34283pt too wide) detected at line 19
\/cmr/m/n/10 ([][])[] = [][]
 []


! LaTeX Error: Missing \begin{document}.

See the LaTeX manual or LaTeX Companion for explanation.
Type  H <return>  for immediate help.
 ...                                              
                                                  
l.21 $
      $a^{{\color{green}n}}\cdot b^{{\color{green}n}} = (a + b)^{{\color{gre...

? 

Overfull \hbox (20.0pt too wide) in paragraph at lines 21--21
[] 
 []

! Undefined control sequence.
l.21 $$a^{{\color
                 {green}n}}\cdot b^{{\color{green}n}} = (a + b)^{{\color{gre...

? 
! Undefined control sequence.
l.21 $$a^{{\color{green}n}}\cdot b^{{\color
                                           {green}n}} = (a + b)^{{\color{gre...

? 
! Undefined control sequence.
l.21 ...ot b^{{\color{green}n}} = (a + b)^{{\color
                                                  {green}n}} $$
? 

Overfull \hbox (128.98846pt too wide) detected at line 21
\OML/cmm/m/it/10 a[] \OMS/cmsy/m/n/10 ^^A \OML/cmm/m/it/10 b[] \/cmr/m/n/10 = (
\OML/cmm/m/it/10 a \/cmr/m/n/10 + \OML/cmm/m/it/10 b\/cmr/m/n/10 )[]
 []

)
*
(Please type a command or say `\end')
*
(Please type a command or say `\end')
*
(Please type a command or say `\end')
*
(Please type a command or say `\end')
*
(Please type a command or say `\end')
*
(Please type a command or say `\end')
*
(Please type a command or say `\end')
*
(Please type a command or say `\end')
*
(Please type a command or say `\end')
*
(Please type a command or say `\end')
*
(Please type a command or say `\end')
*
(Please type a command or say `\end')
*
(Please type a command or say `\end')
*
(Please type a command or say `\end')
*
(Please type a command or say `\end')
*
(Please type a command or say `\end')
*
(Please type a command or say `\end')
*
(Please type a command or say `\end')
*
(Please type a command or say `\end')
*
(Please type a command or say `\end')
*\end

*
Runaway argument?
! Paragraph ended before \end  was complete.
<to be read again> 
                   \par 
<*> 
    
? 
(Please type a command or say `\end')
*
! Emergency stop.
<*> 
    
End of file on the terminal!

 
Here is how much of TeX's memory you used:
 33 strings out of 476331
 528 string characters out of 5788673
 1850660 words of memory out of 5000000
 20570 multiletter control sequences out of 15000+600000
 512287 words of font info for 32 fonts, out of 8000000 for 9000
 1141 hyphenation exceptions out of 8191
 23i,3n,32p,131b,87s stack positions out of 10000i,1000n,20000p,200000b,200000s
!  ==> Fatal error occurred, no output PDF file produced!
